<?xml version="1.0" encoding="UTF-8"?>
<!-- Generated by org.testng.reporters.JUnitReportReporter -->
<testsuite hostname="DESKTOP-75G1BKT" failures="0" tests="2" name="test.TC_001_RegisterTest" time="33.874" errors="0" timestamp="2024-12-10T20:34:21 IST" skipped="0">
  <testcase classname="test.TC_001_RegisterTest" name="registerTest" time="8.395"/>
  <testcase classname="test.TC_001_RegisterTest" name="registerTest" time="25.479"/>
</testsuite> <!-- test.TC_001_RegisterTest -->
