<?xml version="1.0" encoding="UTF-8"?>
<!-- Generated by org.testng.reporters.JUnitReportReporter -->
<testsuite hostname="DESKTOP-75G1BKT" failures="0" tests="1" name="test.TC_003_InvalidLoginTest" time="5.794" errors="0" timestamp="2024-12-16T13:42:38 IST" skipped="0">
  <testcase classname="test.TC_003_InvalidLoginTest" name="InvalidTest" time="5.794"/>
</testsuite> <!-- test.TC_003_InvalidLoginTest -->
