<?xml version="1.0" encoding="UTF-8"?>
<!-- Generated by org.testng.reporters.JUnitReportReporter -->
<testsuite hostname="DESKTOP-75G1BKT" failures="0" tests="2" name="test.TC_002_SignInTest" time="208.645" errors="0" timestamp="2024-12-10T20:34:21 IST" skipped="0">
  <testcase classname="test.TC_002_SignInTest" name="loginTest" time="124.646"/>
  <testcase classname="test.TC_002_SignInTest" name="loginTest" time="83.999"/>
</testsuite> <!-- test.TC_002_SignInTest -->
