<?xml version="1.0" encoding="UTF-8"?>
<!-- Generated by org.testng.reporters.JUnitReportReporter -->
<testsuite hostname="DESKTOP-75G1BKT" failures="0" tests="2" name="test.TC_002_SignInTest" time="134.805" errors="0" timestamp="2024-12-16T11:46:10 IST" skipped="0">
  <testcase classname="test.TC_002_SignInTest" name="loginTest" time="64.936"/>
  <testcase classname="test.TC_002_SignInTest" name="loginTest" time="69.869"/>
</testsuite> <!-- test.TC_002_SignInTest -->
