<?xml version="1.0" encoding="UTF-8"?>
<!-- Generated by org.testng.reporters.JUnitReportReporter -->
<testsuite hostname="DESKTOP-75G1BKT" failures="0" tests="2" name="test.TC_001_RegisterTest" time="37.916" errors="0" timestamp="2024-12-15T10:06:57 IST" skipped="0">
  <testcase classname="test.TC_001_RegisterTest" name="registerTest" time="15.611"/>
  <testcase classname="test.TC_001_RegisterTest" name="registerTest" time="22.305"/>
</testsuite> <!-- test.TC_001_RegisterTest -->
