<?xml version="1.0" encoding="UTF-8"?>
<!-- Generated by org.testng.reporters.JUnitReportReporter -->
<testsuite hostname="DESKTOP-75G1BKT" failures="0" tests="2" name="test.TC_001_RegisterTest" time="17.202" errors="0" timestamp="2024-12-16T11:46:10 IST" skipped="0">
  <testcase classname="test.TC_001_RegisterTest" name="registerTest" time="9.041"/>
  <testcase classname="test.TC_001_RegisterTest" name="registerTest" time="8.161"/>
</testsuite> <!-- test.TC_001_RegisterTest -->
