<?xml version="1.0" encoding="UTF-8"?>
<!-- Generated by org.testng.reporters.JUnitReportReporter -->
<testsuite hostname="DESKTOP-75G1BKT" failures="0" tests="2" name="test.TC_002_SignInTest" time="137.447" errors="0" timestamp="2024-12-16T13:46:42 IST" skipped="0">
  <testcase classname="test.TC_002_SignInTest" name="loginTest" time="70.327"/>
  <testcase classname="test.TC_002_SignInTest" name="loginTest" time="67.120"/>
</testsuite> <!-- test.TC_002_SignInTest -->
