<?xml version="1.0" encoding="UTF-8"?>
<!-- Generated by org.testng.reporters.JUnitReportReporter -->
<testsuite hostname="DESKTOP-75G1BKT" failures="0" tests="2" name="test.TC_003_InvalidLoginTest" time="11.592" errors="0" timestamp="2024-12-16T13:46:42 IST" skipped="0">
  <testcase classname="test.TC_003_InvalidLoginTest" name="InvalidTest" time="6.616"/>
  <testcase classname="test.TC_003_InvalidLoginTest" name="InvalidTest" time="4.976"/>
</testsuite> <!-- test.TC_003_InvalidLoginTest -->
