<?xml version="1.0" encoding="UTF-8"?>
<!-- Generated by org.testng.reporters.JUnitReportReporter -->
<testsuite hostname="DESKTOP-75G1BKT" failures="0" tests="2" name="test.TC_001_RegisterTest" time="15.436" errors="0" timestamp="2024-12-16T13:46:42 IST" skipped="0">
  <testcase classname="test.TC_001_RegisterTest" name="registerTest" time="8.163"/>
  <testcase classname="test.TC_001_RegisterTest" name="registerTest" time="7.273"/>
</testsuite> <!-- test.TC_001_RegisterTest -->
