<?xml version="1.0" encoding="UTF-8"?>
<!-- Generated by org.testng.reporters.JUnitReportReporter -->
<testsuite hostname="DESKTOP-75G1BKT" failures="0" tests="2" name="test.TC_002_SignInTest" time="139.947" errors="0" timestamp="2024-12-15T10:06:58 IST" skipped="0">
  <testcase classname="test.TC_002_SignInTest" name="loginTest" time="66.664"/>
  <testcase classname="test.TC_002_SignInTest" name="loginTest" time="73.283"/>
</testsuite> <!-- test.TC_002_SignInTest -->
